2019-02-02 11:42:50,165 [    MainProcess][    Server][    INFO] PokeAlarm is getting ready...
2019-02-02 11:42:50,171 [    MainProcess][    Server][    INFO] Europe/London
2019-02-02 11:42:50,185 [    MainProcess][   Manager][    INFO] ----------- Manager 'london'  is being created.
2019-02-02 11:42:50,189 [    MainProcess][   Manager][ WARNING] NO LOCATION SET -  this may cause issues with distance related DTS.
2019-02-02 11:42:50,190 [    MainProcess][   Manager][    INFO] Loading Filters from file at /home/scanbot/PokeAlarm/filters_London.json
2019-02-02 11:42:50,196 [    MainProcess][   Manager][    INFO] Parsing 'monsters' section.
2019-02-02 11:42:50,228 [    MainProcess][   Manager][    INFO] Parsing 'stops' section.
2019-02-02 11:42:50,228 [    MainProcess][   Manager][    INFO] Parsing 'gyms' section.
2019-02-02 11:42:50,228 [    MainProcess][   Manager][    INFO] Parsing 'eggs' section.
2019-02-02 11:42:50,229 [    MainProcess][   Manager][    INFO] Parsing 'raids' section.
2019-02-02 11:42:50,230 [    MainProcess][   Manager][    INFO] Parsing 'weather' section.
2019-02-02 11:42:50,230 [    MainProcess][   Manager][    INFO] Parsing 'quest' section.
2019-02-02 11:42:50,232 [    MainProcess][  Geofence][    INFO] Geofence Chelsea added.
2019-02-02 11:42:50,232 [    MainProcess][  Geofence][    INFO] Geofence South Kensington added.
2019-02-02 11:42:50,232 [    MainProcess][  Geofence][    INFO] Geofence Hammersmith added.
2019-02-02 11:42:50,232 [    MainProcess][  Geofence][    INFO] Geofence Fulham W added.
2019-02-02 11:42:50,232 [    MainProcess][  Geofence][    INFO] Geofence Fulham E added.
2019-02-02 11:42:50,233 [    MainProcess][  Geofence][    INFO] Geofence Shepherd's Bush added.
2019-02-02 11:42:50,233 [    MainProcess][  Geofence][    INFO] Geofence Castelnau added.
2019-02-02 11:42:50,233 [    MainProcess][  Geofence][    INFO] Geofence Barnes added.
2019-02-02 11:42:50,233 [    MainProcess][  Geofence][    INFO] Geofence Chiswick N added.
2019-02-02 11:42:50,233 [    MainProcess][  Geofence][    INFO] Geofence Chiswick S added.
2019-02-02 11:42:50,233 [    MainProcess][  Geofence][    INFO] Geofence Putney added.
2019-02-02 11:42:50,233 [    MainProcess][  Geofence][    INFO] Geofence Wandsworth added.
2019-02-02 11:42:50,233 [    MainProcess][  Geofence][    INFO] Geofence Battersea added.
2019-02-02 11:42:50,233 [    MainProcess][  Geofence][    INFO] Geofence Kensington Gardens added.
2019-02-02 11:42:50,234 [    MainProcess][  Geofence][    INFO] Geofence North Kensington added.
2019-02-02 11:42:50,234 [    MainProcess][  Geofence][    INFO] Geofence Green Park added.
2019-02-02 11:42:50,234 [    MainProcess][  Geofence][    INFO] Geofence Westminster added.
2019-02-02 11:42:50,234 [    MainProcess][  Geofence][    INFO] Geofence Mayfair added.
2019-02-02 11:42:50,234 [    MainProcess][  Geofence][    INFO] Geofence Soho added.
2019-02-02 11:42:50,234 [    MainProcess][  Geofence][    INFO] Geofence Hyde Park added.
2019-02-02 11:42:50,234 [    MainProcess][  Geofence][    INFO] Geofence Kensington Olympia added.
2019-02-02 11:42:50,234 [    MainProcess][  Geofence][    INFO] Geofence Paddington added.
2019-02-02 11:42:50,234 [    MainProcess][  Geofence][    INFO] Geofence Marylebone added.
2019-02-02 11:42:50,235 [    MainProcess][  Geofence][    INFO] Geofence Regent's Park added.
2019-02-02 11:42:50,235 [    MainProcess][  Geofence][    INFO] Geofence St. James's Park added.
2019-02-02 11:42:50,235 [    MainProcess][  Geofence][    INFO] Geofence Piccadilly added.
2019-02-02 11:42:50,235 [    MainProcess][  Geofence][    INFO] Geofence Fitzrovia added.
2019-02-02 11:42:50,235 [    MainProcess][  Geofence][    INFO] Geofence Euston added.
2019-02-02 11:42:50,235 [    MainProcess][  Geofence][    INFO] Geofence Holborn added.
2019-02-02 11:42:50,235 [    MainProcess][  Geofence][    INFO] Geofence Bayswater added.
2019-02-02 11:42:50,235 [    MainProcess][  Geofence][    INFO] Geofence Notting Hill added.
2019-02-02 11:42:50,235 [    MainProcess][  Geofence][    INFO] Geofence Clapham added.
2019-02-02 11:42:50,235 [    MainProcess][  Geofence][    INFO] Geofence Nine Elms added.
2019-02-02 11:42:50,235 [    MainProcess][  Geofence][    INFO] Geofence Vauxhall added.
2019-02-02 11:42:50,236 [    MainProcess][  Geofence][    INFO] Geofence Stockwell added.
2019-02-02 11:42:50,236 [    MainProcess][  Geofence][    INFO] Geofence Kennington added.
2019-02-02 11:42:50,236 [    MainProcess][  Geofence][    INFO] Geofence Elephant & Castle added.
2019-02-02 11:42:50,236 [    MainProcess][  Geofence][    INFO] Geofence Camberwell added.
2019-02-02 11:42:50,236 [    MainProcess][  Geofence][    INFO] Geofence Balham added.
2019-02-02 11:42:50,236 [    MainProcess][  Geofence][    INFO] Geofence Lambeth added.
2019-02-02 11:42:50,237 [    MainProcess][  Geofence][    INFO] Geofence Waterloo added.
2019-02-02 11:42:50,237 [    MainProcess][  Geofence][    INFO] Geofence Leicester Square added.
2019-02-02 11:42:50,237 [    MainProcess][  Geofence][    INFO] Geofence Covent Garden added.
2019-02-02 11:42:50,237 [    MainProcess][  Geofence][    INFO] Geofence Embankment added.
2019-02-02 11:42:50,237 [    MainProcess][  Geofence][    INFO] Geofence Southbank added.
2019-02-02 11:42:50,237 [    MainProcess][  Geofence][    INFO] Geofence Southwark added.
2019-02-02 11:42:50,237 [    MainProcess][  Geofence][    INFO] Geofence West Kilburn added.
2019-02-02 11:42:50,237 [    MainProcess][  Geofence][    INFO] Geofence Maida Vale added.
2019-02-02 11:42:50,237 [    MainProcess][  Geofence][    INFO] Geofence St. John's Wood added.
2019-02-02 11:42:50,237 [    MainProcess][  Geofence][    INFO] Geofence Primrose Hill added.
2019-02-02 11:42:50,238 [    MainProcess][  Geofence][    INFO] Geofence Palace Gardens added.
2019-02-02 11:42:50,238 [    MainProcess][  Geofence][    INFO] Geofence Pimlico added.
2019-02-02 11:42:50,238 [    MainProcess][  Geofence][    INFO] Geofence Victoria added.
2019-02-02 11:42:50,238 [    MainProcess][  Geofence][    INFO] Geofence Belgravia added.
2019-02-02 11:42:50,238 [    MainProcess][  Geofence][    INFO] Geofence Knightsbridge added.
2019-02-02 11:42:50,238 [    MainProcess][  Geofence][    INFO] Geofence Camden Town added.
2019-02-02 11:42:50,238 [    MainProcess][  Geofence][    INFO] Geofence King's Cross added.
2019-02-02 11:42:50,238 [    MainProcess][  Geofence][    INFO] Geofence Bloomsbury added.
2019-02-02 11:42:50,238 [    MainProcess][  Geofence][    INFO] Geofence Chancery Lane added.
2019-02-02 11:42:50,238 [    MainProcess][  Geofence][    INFO] Geofence Temple added.
2019-02-02 11:42:50,238 [    MainProcess][  Geofence][    INFO] Geofence Blackfriars added.
2019-02-02 11:42:50,238 [    MainProcess][  Geofence][    INFO] Geofence Clerkenwell added.
2019-02-02 11:42:50,239 [    MainProcess][  Geofence][    INFO] Geofence Angel added.
2019-02-02 11:42:50,239 [    MainProcess][  Geofence][    INFO] Geofence Borough added.
2019-02-02 11:42:50,239 [    MainProcess][  Geofence][    INFO] Geofence London Bridge added.
2019-02-02 11:42:50,239 [    MainProcess][  Geofence][    INFO] Geofence Peckham added.
2019-02-02 11:42:50,239 [    MainProcess][  Geofence][    INFO] Geofence Peckham Rye added.
2019-02-02 11:42:50,239 [    MainProcess][  Geofence][    INFO] Geofence Bermondsey added.
2019-02-02 11:42:50,239 [    MainProcess][  Geofence][    INFO] Geofence Barbican added.
2019-02-02 11:42:50,239 [    MainProcess][  Geofence][    INFO] Geofence Old St added.
2019-02-02 11:42:50,239 [    MainProcess][  Geofence][    INFO] Geofence Moorgate added.
2019-02-02 11:42:50,239 [    MainProcess][  Geofence][    INFO] Geofence Bank added.
2019-02-02 11:42:50,240 [    MainProcess][  Geofence][    INFO] Geofence Hoxton added.
2019-02-02 11:42:50,240 [    MainProcess][  Geofence][    INFO] Geofence Islington added.
2019-02-02 11:42:50,240 [    MainProcess][  Geofence][    INFO] Geofence Caledonian Rd added.
2019-02-02 11:42:50,240 [    MainProcess][  Geofence][    INFO] Geofence Shoreditch added.
2019-02-02 11:42:50,240 [    MainProcess][  Geofence][    INFO] Geofence Aldgate added.
2019-02-02 11:42:50,240 [    MainProcess][  Geofence][    INFO] Geofence Liverpool St added.
2019-02-02 11:42:50,240 [    MainProcess][  Geofence][    INFO] Geofence Whitechapel added.
2019-02-02 11:42:50,240 [    MainProcess][  Geofence][    INFO] Geofence Tower Hill added.
2019-02-02 11:42:50,240 [    MainProcess][  Geofence][    INFO] Geofence Wapping added.
2019-02-02 11:42:50,240 [    MainProcess][  Geofence][    INFO] Geofence Shadwell added.
2019-02-02 11:42:50,241 [    MainProcess][  Geofence][    INFO] Geofence Canada Water added.
2019-02-02 11:42:50,241 [    MainProcess][  Geofence][    INFO] Geofence Rotherhithe added.
2019-02-02 11:42:50,241 [    MainProcess][  Geofence][    INFO] Geofence South Bermondsey added.
2019-02-02 11:42:50,241 [    MainProcess][  Geofence][    INFO] Geofence Deptford added.
2019-02-02 11:42:50,241 [    MainProcess][  Geofence][    INFO] Geofence New Cross added.
2019-02-02 11:42:50,241 [    MainProcess][  Geofence][    INFO] Geofence East Dulwich added.
2019-02-02 11:42:50,241 [    MainProcess][  Geofence][    INFO] Geofence Streatham Hill added.
2019-02-02 11:42:50,241 [    MainProcess][  Geofence][    INFO] Geofence West Dulwich added.
2019-02-02 11:42:50,242 [    MainProcess][  Geofence][    INFO] Geofence Sydenham Hill added.
2019-02-02 11:42:50,242 [    MainProcess][  Geofence][    INFO] Geofence Brixton added.
2019-02-02 11:42:50,242 [    MainProcess][  Geofence][    INFO] Geofence Wandsworth Common added.
2019-02-02 11:42:50,242 [    MainProcess][  Geofence][    INFO] Geofence Roehampton added.
2019-02-02 11:42:50,242 [    MainProcess][  Geofence][    INFO] Geofence Mortlake added.
2019-02-02 11:42:50,242 [    MainProcess][  Geofence][    INFO] Geofence North Sheen added.
2019-02-02 11:42:50,242 [    MainProcess][  Geofence][    INFO] Geofence Kew added.
2019-02-02 11:42:50,243 [    MainProcess][  Geofence][    INFO] Geofence Richmond Park added.
2019-02-02 11:42:50,243 [    MainProcess][  Geofence][    INFO] Geofence Acton Town added.
2019-02-02 11:42:50,243 [    MainProcess][  Geofence][    INFO] Geofence Acton Central added.
2019-02-02 11:42:50,243 [    MainProcess][  Geofence][    INFO] Geofence Willesden Junction added.
2019-02-02 11:42:50,243 [    MainProcess][  Geofence][    INFO] Geofence Baker St added.
2019-02-02 11:42:50,243 [    MainProcess][  Geofence][    INFO] Geofence Highbury added.
2019-02-02 11:42:50,243 [    MainProcess][  Geofence][    INFO] Geofence Dalston added.
2019-02-02 11:42:50,243 [    MainProcess][  Geofence][    INFO] Geofence Bethnal Green added.
2019-02-02 11:42:50,243 [    MainProcess][  Geofence][    INFO] Geofence Victoria Park added.
2019-02-02 11:42:50,244 [    MainProcess][  Geofence][    INFO] Geofence Mile End added.
2019-02-02 11:42:50,244 [    MainProcess][  Geofence][    INFO] Geofence London Fields added.
2019-02-02 11:42:50,244 [    MainProcess][  Geofence][    INFO] Geofence Stepney Green added.
2019-02-02 11:42:50,244 [    MainProcess][  Geofence][    INFO] Geofence Limehouse added.
2019-02-02 11:42:50,244 [    MainProcess][  Geofence][    INFO] Geofence Canary Wharf added.
2019-02-02 11:42:50,244 [    MainProcess][  Geofence][    INFO] Geofence Greenwich added.
2019-02-02 11:42:50,244 [    MainProcess][  Geofence][    INFO] Geofence Deptford Bridge added.
2019-02-02 11:42:50,244 [    MainProcess][  Geofence][    INFO] Geofence Honor Oak added.
2019-02-02 11:42:50,244 [    MainProcess][  Geofence][    INFO] Geofence Brockley added.
2019-02-02 11:42:50,244 [    MainProcess][  Geofence][    INFO] Geofence Lewisham added.
2019-02-02 11:42:50,245 [    MainProcess][  Geofence][    INFO] Geofence Kidbrooke added.
2019-02-02 11:42:50,245 [    MainProcess][  Geofence][    INFO] Geofence East Greenwich added.
2019-02-02 11:42:50,245 [    MainProcess][  Geofence][    INFO] Geofence Bow Road added.
2019-02-02 11:42:50,245 [    MainProcess][  Geofence][    INFO] Geofence Poplar added.
2019-02-02 11:42:50,245 [    MainProcess][  Geofence][    INFO] Geofence Hackney Wick added.
2019-02-02 11:42:50,245 [    MainProcess][  Geofence][    INFO] Geofence Stratford Marsh added.
2019-02-02 11:42:50,245 [    MainProcess][  Geofence][    INFO] Geofence Pudding Mill Lane added.
2019-02-02 11:42:50,245 [    MainProcess][  Geofence][    INFO] Geofence Chalk Farm added.
2019-02-02 11:42:50,245 [    MainProcess][  Geofence][    INFO] Geofence Kentish Town added.
2019-02-02 11:42:50,246 [    MainProcess][  Geofence][    INFO] Geofence Kilburn added.
2019-02-02 11:42:50,246 [    MainProcess][  Geofence][    INFO] Geofence Swiss Cottage added.
2019-02-02 11:42:50,246 [    MainProcess][  Geofence][    INFO] Geofence Kensal Rise added.
2019-02-02 11:42:50,246 [    MainProcess][  Geofence][    INFO] Geofence Willesden Green added.
2019-02-02 11:42:50,246 [    MainProcess][  Geofence][    INFO] Geofence Willesden added.
2019-02-02 11:42:50,246 [    MainProcess][  Geofence][    INFO] Geofence Cricklewood added.
2019-02-02 11:42:50,246 [    MainProcess][  Geofence][    INFO] Geofence West Hampstead added.
2019-02-02 11:42:50,246 [    MainProcess][  Geofence][    INFO] Geofence Belsize Park added.
2019-02-02 11:42:50,246 [    MainProcess][  Geofence][    INFO] Geofence Gospel Oak added.
2019-02-02 11:42:50,247 [    MainProcess][  Geofence][    INFO] Geofence Golders Green added.
2019-02-02 11:42:50,247 [    MainProcess][  Geofence][    INFO] Geofence Hampstead Heath added.
2019-02-02 11:42:50,247 [    MainProcess][  Geofence][    INFO] Geofence Stratford added.
2019-02-02 11:42:50,247 [    MainProcess][  Geofence][    INFO] Geofence Wanstead added.
2019-02-02 11:42:50,248 [    MainProcess][  Geofence][    INFO] Geofence Enfield W added.
2019-02-02 11:42:50,249 [    MainProcess][  Geofence][    INFO] Geofence Herne Hill added.
2019-02-02 11:42:50,249 [    MainProcess][  Geofence][    INFO] Geofence Tulse Hill added.
2019-02-02 11:42:50,249 [    MainProcess][  Geofence][    INFO] Geofence Forest Hill added.
2019-02-02 11:42:50,249 [    MainProcess][  Geofence][    INFO] Geofence Catford added.
2019-02-02 11:42:50,249 [    MainProcess][  Geofence][    INFO] Geofence Hackney added.
2019-02-02 11:42:50,249 [    MainProcess][  Geofence][    INFO] Geofence Homerton added.
2019-02-02 11:42:50,249 [    MainProcess][  Geofence][    INFO] Geofence Richmond added.
2019-02-02 11:42:50,249 [    MainProcess][  Geofence][    INFO] Geofence Osterley added.
2019-02-02 11:42:50,250 [    MainProcess][  Geofence][    INFO] Geofence Syon Park added.
2019-02-02 11:42:50,250 [    MainProcess][  Geofence][    INFO] Geofence Isleworth added.
2019-02-02 11:42:50,250 [    MainProcess][  Geofence][    INFO] Geofence Twickenham added.
2019-02-02 11:42:50,250 [    MainProcess][  Geofence][    INFO] Geofence Ham added.
2019-02-02 11:42:50,250 [    MainProcess][  Geofence][    INFO] Geofence Teddington added.
2019-02-02 11:42:50,250 [    MainProcess][  Geofence][    INFO] Geofence Kingston added.
2019-02-02 11:42:50,251 [    MainProcess][  Geofence][    INFO] Geofence Bushy Park added.
2019-02-02 11:42:50,251 [    MainProcess][  Geofence][    INFO] Geofence Leyton added.
2019-02-02 11:42:50,251 [    MainProcess][  Geofence][    INFO] Geofence Beckton added.
2019-02-02 11:42:50,251 [    MainProcess][  Geofence][    INFO] Geofence Leytonstone added.
2019-02-02 11:42:50,251 [    MainProcess][  Geofence][    INFO] Geofence Charlton added.
2019-02-02 11:42:50,251 [    MainProcess][  Geofence][    INFO] Geofence Woolwich added.
2019-02-02 11:42:50,251 [    MainProcess][  Geofence][    INFO] Geofence Eltham added.
2019-02-02 11:42:50,251 [    MainProcess][  Geofence][    INFO] Geofence Horn Park added.
2019-02-02 11:42:50,252 [    MainProcess][  Geofence][    INFO] Geofence East Ham added.
2019-02-02 11:42:50,252 [    MainProcess][  Geofence][    INFO] Geofence Beckton Sewage added.
2019-02-02 11:42:50,252 [    MainProcess][  Geofence][    INFO] Geofence Barking added.
2019-02-02 11:42:50,252 [    MainProcess][  Geofence][    INFO] Geofence Ilford added.
2019-02-02 11:42:50,252 [    MainProcess][  Geofence][    INFO] Geofence Goodmayes added.
2019-02-02 11:42:50,252 [    MainProcess][  Geofence][    INFO] Geofence Upper Clapton added.
2019-02-02 11:42:50,252 [    MainProcess][  Geofence][    INFO] Geofence Walthamstow added.
2019-02-02 11:42:50,253 [    MainProcess][  Geofence][    INFO] Geofence Snaresbrook added.
2019-02-02 11:42:50,253 [    MainProcess][  Geofence][    INFO] Geofence Barkingside added.
2019-02-02 11:42:50,253 [    MainProcess][  Geofence][    INFO] Geofence Hainault added.
2019-02-02 11:42:50,253 [    MainProcess][  Geofence][    INFO] Geofence Woodford added.
2019-02-02 11:42:50,253 [    MainProcess][  Geofence][    INFO] Geofence Chigwell added.
2019-02-02 11:42:50,253 [    MainProcess][  Geofence][    INFO] Geofence Sewardstonebury added.
2019-02-02 11:42:50,253 [    MainProcess][  Geofence][    INFO] Geofence Loughton added.
2019-02-02 11:42:50,253 [    MainProcess][  Geofence][    INFO] Geofence Debden Green added.
2019-02-02 11:42:50,253 [    MainProcess][  Geofence][    INFO] Geofence Theydon Bois added.
2019-02-02 11:42:50,254 [    MainProcess][  Geofence][    INFO] Geofence Waltham Abbey added.
2019-02-02 11:42:50,254 [    MainProcess][  Geofence][    INFO] Geofence Earlsfield added.
2019-02-02 11:42:50,254 [    MainProcess][  Geofence][    INFO] Geofence Southfields added.
2019-02-02 11:42:50,254 [    MainProcess][  Geofence][    INFO] Geofence Putney Vale added.
2019-02-02 11:42:50,254 [    MainProcess][  Geofence][    INFO] Geofence Wimbledon Common added.
2019-02-02 11:42:50,254 [    MainProcess][  Geofence][    INFO] Geofence Wimbledon Park added.
2019-02-02 11:42:50,254 [    MainProcess][  Geofence][    INFO] Geofence Wimbledon added.
2019-02-02 11:42:50,255 [    MainProcess][  Geofence][    INFO] Geofence South Wimbledon added.
2019-02-02 11:42:50,255 [    MainProcess][  Geofence][    INFO] Geofence Summerstown added.
2019-02-02 11:42:50,255 [    MainProcess][  Geofence][    INFO] Geofence Upper Tooting added.
2019-02-02 11:42:50,255 [    MainProcess][  Geofence][    INFO] Geofence Colliers Wood added.
2019-02-02 11:42:50,255 [    MainProcess][  Geofence][    INFO] Geofence Tooting added.
2019-02-02 11:42:50,255 [    MainProcess][  Geofence][    INFO] Geofence Hampton Court Park added.
2019-02-02 11:42:50,255 [    MainProcess][  Geofence][    INFO] Geofence Kingston Vale added.
2019-02-02 11:42:50,255 [    MainProcess][  Geofence][    INFO] Geofence Coombe added.
2019-02-02 11:42:50,255 [    MainProcess][  Geofence][    INFO] Geofence New Malden added.
2019-02-02 11:42:50,256 [    MainProcess][  Geofence][    INFO] Geofence Raynes Park added.
2019-02-02 11:42:50,256 [    MainProcess][  Geofence][    INFO] Geofence Streatham added.
2019-02-02 11:42:50,256 [    MainProcess][  Geofence][    INFO] Geofence West Norwood added.
2019-02-02 11:42:50,256 [    MainProcess][  Geofence][    INFO] Geofence Streatham Vale added.
2019-02-02 11:42:50,256 [    MainProcess][  Geofence][    INFO] Geofence Holland Park added.
2019-02-02 11:42:50,256 [    MainProcess][  Geofence][    INFO] Geofence High St Kensington added.
2019-02-02 11:42:50,256 [    MainProcess][  Geofence][    INFO] Geofence Notting Hill Gate added.
2019-02-02 11:42:50,256 [    MainProcess][  Geofence][    INFO] Geofence North Acton added.
2019-02-02 11:42:50,256 [    MainProcess][  Geofence][    INFO] Geofence Earl's Court added.
2019-02-02 11:42:50,257 [    MainProcess][  Geofence][    INFO] Geofence Hampstead added.
2019-02-02 11:42:50,257 [    MainProcess][  Geofence][    INFO] Geofence Childs Hill added.
2019-02-02 11:42:50,257 [    MainProcess][  Geofence][    INFO] Geofence Stonebridge Park added.
2019-02-02 11:42:50,257 [    MainProcess][  Geofence][    INFO] Geofence Wembley added.
2019-02-02 11:42:50,257 [    MainProcess][  Geofence][    INFO] Geofence Wembley Park added.
2019-02-02 11:42:50,257 [    MainProcess][  Geofence][    INFO] Geofence Neasden S added.
2019-02-02 11:42:50,257 [    MainProcess][  Geofence][    INFO] Geofence Dollis Hill S added.
2019-02-02 11:42:50,257 [    MainProcess][  Geofence][    INFO] Geofence Sudbury Town added.
2019-02-02 11:42:50,257 [    MainProcess][  Geofence][    INFO] Geofence Sudbury added.
2019-02-02 11:42:50,258 [    MainProcess][  Geofence][    INFO] Geofence Sudbury Hill added.
2019-02-02 11:42:50,258 [    MainProcess][  Geofence][    INFO] Geofence North Wembley added.
2019-02-02 11:42:50,258 [    MainProcess][  Geofence][    INFO] Geofence Brent Cross added.
2019-02-02 11:42:50,258 [    MainProcess][  Geofence][    INFO] Geofence Queensbury W added.
2019-02-02 11:42:50,258 [    MainProcess][  Geofence][    INFO] Geofence Gladstone Park added.
2019-02-02 11:42:50,258 [    MainProcess][  Geofence][    INFO] Geofence Dollis Hill N added.
2019-02-02 11:42:50,258 [    MainProcess][  Geofence][    INFO] Geofence Neasden N added.
2019-02-02 11:42:50,258 [    MainProcess][  Geofence][    INFO] Geofence Queensbury E added.
2019-02-02 11:42:50,258 [    MainProcess][  Geofence][    INFO] Geofence Fryent Country Park added.
2019-02-02 11:42:50,258 [    MainProcess][  Geofence][    INFO] Geofence Preston Rd added.
2019-02-02 11:42:50,259 [    MainProcess][  Geofence][    INFO] Geofence Northwick Park added.
2019-02-02 11:42:50,259 [    MainProcess][  Geofence][    INFO] Geofence Preston added.
2019-02-02 11:42:50,259 [    MainProcess][  Geofence][    INFO] Geofence Kingsbury added.
2019-02-02 11:42:50,259 [    MainProcess][  Geofence][    INFO] Geofence Kenton added.
2019-02-02 11:42:50,259 [    MainProcess][  Geofence][    INFO] Geofence West Hendon added.
2019-02-02 11:42:50,259 [    MainProcess][  Geofence][    INFO] Geofence Hendon Central added.
2019-02-02 11:42:50,259 [    MainProcess][  Geofence][    INFO] Geofence The Hyde added.
2019-02-02 11:42:50,259 [    MainProcess][  Geofence][    INFO] Geofence Colindale added.
2019-02-02 11:42:50,260 [    MainProcess][  Geofence][    INFO] Geofence Kingsbury Green added.
2019-02-02 11:42:50,260 [    MainProcess][  Geofence][    INFO] Geofence Highgate added.
2019-02-02 11:42:50,260 [    MainProcess][  Geofence][    INFO] Geofence Hampstead N added.
2019-02-02 11:42:50,260 [    MainProcess][  Geofence][    INFO] Geofence Temple Fortune added.
2019-02-02 11:42:50,260 [    MainProcess][  Geofence][    INFO] Geofence Upper Holloway added.
2019-02-02 11:42:50,260 [    MainProcess][  Geofence][    INFO] Geofence Lower Holloway added.
2019-02-02 11:42:50,260 [    MainProcess][  Geofence][    INFO] Geofence Stoke Newington added.
2019-02-02 11:42:50,260 [    MainProcess][  Geofence][    INFO] Geofence Stamford Hill added.
2019-02-02 11:42:50,260 [    MainProcess][  Geofence][    INFO] Geofence Manor House added.
2019-02-02 11:42:50,261 [    MainProcess][  Geofence][    INFO] Geofence Finsbury Park added.
2019-02-02 11:42:50,261 [    MainProcess][  Geofence][    INFO] Geofence Stroud Green added.
2019-02-02 11:42:50,261 [    MainProcess][  Geofence][    INFO] Geofence Harringay added.
2019-02-02 11:42:50,261 [    MainProcess][  Geofence][    INFO] Geofence Crouch End added.
2019-02-02 11:42:50,261 [    MainProcess][  Geofence][    INFO] Geofence Muswell Hill added.
2019-02-02 11:42:50,261 [    MainProcess][  Geofence][    INFO] Geofence Hornsey added.
2019-02-02 11:42:50,261 [    MainProcess][  Geofence][    INFO] Geofence Alexandra Palace added.
2019-02-02 11:42:50,261 [    MainProcess][  Geofence][    INFO] Geofence East Finchley added.
2019-02-02 11:42:50,261 [    MainProcess][  Geofence][    INFO] Geofence Becontree added.
2019-02-02 11:42:50,262 [    MainProcess][  Geofence][    INFO] Geofence Chadwell Heath added.
2019-02-02 11:42:50,262 [    MainProcess][  Geofence][    INFO] Geofence Marks Gate added.
2019-02-02 11:42:50,262 [    MainProcess][  Geofence][    INFO] Geofence Debden added.
2019-02-02 11:42:50,262 [    MainProcess][  Geofence][    INFO] Geofence Sunnyhill Park added.
2019-02-02 11:42:50,262 [    MainProcess][  Geofence][    INFO] Geofence Grahame Park added.
2019-02-02 11:42:50,262 [    MainProcess][  Geofence][    INFO] Geofence Burnt Oak added.
2019-02-02 11:42:50,262 [    MainProcess][  Geofence][    INFO] Geofence Mill Hill E added.
2019-02-02 11:42:50,262 [    MainProcess][  Geofence][    INFO] Geofence Mill Hill Broadway added.
2019-02-02 11:42:50,262 [    MainProcess][  Geofence][    INFO] Geofence Mill Hill N added.
2019-02-02 11:42:50,263 [    MainProcess][  Geofence][    INFO] Geofence Church End added.
2019-02-02 11:42:50,263 [    MainProcess][  Geofence][    INFO] Geofence West Finchley added.
2019-02-02 11:42:50,263 [    MainProcess][  Geofence][    INFO] Geofence Finchley added.
2019-02-02 11:42:50,263 [    MainProcess][  Geofence][    INFO] Geofence North Finchley added.
2019-02-02 11:42:50,263 [    MainProcess][  Geofence][    INFO] Geofence Seven Sisters added.
2019-02-02 11:42:50,263 [    MainProcess][  Geofence][    INFO] Geofence Wood Green added.
2019-02-02 11:42:50,263 [    MainProcess][  Geofence][    INFO] Geofence West Green added.
2019-02-02 11:42:50,263 [    MainProcess][  Geofence][    INFO] Geofence Tottenham E added.
2019-02-02 11:42:50,263 [    MainProcess][  Geofence][    INFO] Geofence Tottenham W added.
2019-02-02 11:42:50,263 [    MainProcess][  Geofence][    INFO] Geofence Colney Hatch added.
2019-02-02 11:42:50,264 [    MainProcess][  Geofence][    INFO] Geofence Bowes added.
2019-02-02 11:42:50,264 [    MainProcess][  Geofence][    INFO] Geofence Bowes Park added.
2019-02-02 11:42:50,264 [    MainProcess][  Geofence][    INFO] Geofence New Southgate added.
2019-02-02 11:42:50,264 [    MainProcess][  Geofence][    INFO] Geofence Palmers Green added.
2019-02-02 11:42:50,264 [    MainProcess][  Geofence][    INFO] Geofence Edmonton E added.
2019-02-02 11:42:50,264 [    MainProcess][  Geofence][    INFO] Geofence Edmonton Green added.
2019-02-02 11:42:50,264 [    MainProcess][  Geofence][    INFO] Geofence Edmonton W added.
2019-02-02 11:42:50,264 [    MainProcess][  Geofence][    INFO] Geofence Woodside Park added.
2019-02-02 11:42:50,264 [    MainProcess][  Geofence][    INFO] Geofence Totteridge E added.
2019-02-02 11:42:50,265 [    MainProcess][  Geofence][    INFO] Geofence Whetstone added.
2019-02-02 11:42:50,265 [    MainProcess][  Geofence][    INFO] Geofence High Barnet added.
2019-02-02 11:42:50,265 [    MainProcess][  Geofence][    INFO] Geofence East Barnet added.
2019-02-02 11:42:50,265 [    MainProcess][  Geofence][    INFO] Geofence New Barnet added.
2019-02-02 11:42:50,265 [    MainProcess][  Geofence][    INFO] Geofence Southgate added.
2019-02-02 11:42:50,265 [    MainProcess][  Geofence][    INFO] Geofence Winchmore Hill added.
2019-02-02 11:42:50,265 [    MainProcess][  Geofence][    INFO] Geofence Oakwood added.
2019-02-02 11:42:50,265 [    MainProcess][  Geofence][    INFO] Geofence Hadley added.
2019-02-02 11:42:50,265 [    MainProcess][  Geofence][    INFO] Geofence Hadley Wood added.
2019-02-02 11:42:50,266 [    MainProcess][  Geofence][    INFO] Geofence Cockfosters N added.
2019-02-02 11:42:50,266 [    MainProcess][  Geofence][    INFO] Geofence Cockfosters S added.
2019-02-02 11:42:50,266 [    MainProcess][  Geofence][    INFO] Geofence Ponders End added.
2019-02-02 11:42:50,266 [    MainProcess][  Geofence][    INFO] Geofence Bush Hill Park added.
2019-02-02 11:42:50,266 [    MainProcess][  Geofence][    INFO] Geofence Southbury added.
2019-02-02 11:42:50,266 [    MainProcess][  Geofence][    INFO] Geofence Canning Town added.
2019-02-02 11:42:50,266 [    MainProcess][  Geofence][    INFO] Geofence Enfield E added.
2019-02-02 11:42:50,266 [    MainProcess][  Geofence][    INFO] Geofence Enfield N added.
2019-02-02 11:42:50,266 [    MainProcess][  Geofence][    INFO] Geofence Upton added.
2019-02-02 11:42:50,267 [    MainProcess][  Geofence][    INFO] Geofence Gordon Hill added.
2019-02-02 11:42:50,267 [    MainProcess][  Geofence][    INFO] Geofence Brimsdown added.
2019-02-02 11:42:50,267 [    MainProcess][  Geofence][    INFO] Geofence Enfield Lock added.
2019-02-02 11:42:50,267 [    MainProcess][  Geofence][    INFO] Geofence Turkey St added.
2019-02-02 11:42:50,267 [    MainProcess][  Geofence][    INFO] Geofence Bulls Cross added.
2019-02-02 11:42:50,267 [    MainProcess][  Geofence][    INFO] Geofence Waltham Cross added.
2019-02-02 11:42:50,267 [    MainProcess][  Geofence][    INFO] Geofence Wrotham Park added.
2019-02-02 11:42:50,267 [    MainProcess][  Geofence][    INFO] Geofence Stagg Hill added.
2019-02-02 11:42:50,267 [    MainProcess][  Geofence][    INFO] Geofence Botany Bay W added.
2019-02-02 11:42:50,267 [    MainProcess][  Geofence][    INFO] Geofence Botany Bay E added.
2019-02-02 11:42:50,268 [    MainProcess][  Geofence][    INFO] Geofence Crews Hill added.
2019-02-02 11:42:50,268 [    MainProcess][  Geofence][    INFO] Geofence Totteridge W added.
2019-02-02 11:42:50,268 [    MainProcess][  Geofence][    INFO] Geofence Southall N added.
2019-02-02 11:42:50,268 [    MainProcess][  Geofence][    INFO] Geofence Osterley Park added.
2019-02-02 11:42:50,268 [    MainProcess][  Geofence][    INFO] Geofence Southall S added.
2019-02-02 11:42:50,268 [    MainProcess][  Geofence][    INFO] Geofence Hounslow added.
2019-02-02 11:42:50,268 [    MainProcess][  Geofence][    INFO] Geofence Kew Bridge added.
2019-02-02 11:42:50,268 [    MainProcess][  Geofence][    INFO] Geofence Brentford added.
2019-02-02 11:42:50,269 [    MainProcess][  Geofence][    INFO] Geofence Boston Manor added.
2019-02-02 11:42:50,269 [    MainProcess][  Geofence][    INFO] Geofence South Ealing added.
2019-02-02 11:42:50,269 [    MainProcess][  Geofence][    INFO] Geofence Northfields added.
2019-02-02 11:42:50,269 [    MainProcess][  Geofence][    INFO] Geofence Southall E added.
2019-02-02 11:42:50,269 [    MainProcess][  Geofence][    INFO] Geofence Hanwell S added.
2019-02-02 11:42:50,269 [    MainProcess][  Geofence][    INFO] Geofence Greenford added.
2019-02-02 11:42:50,269 [    MainProcess][  Geofence][    INFO] Geofence North Greenford added.
2019-02-02 11:42:50,269 [    MainProcess][  Geofence][    INFO] Geofence Hanwell N added.
2019-02-02 11:42:50,269 [    MainProcess][  Geofence][    INFO] Geofence West Ealing added.
2019-02-02 11:42:50,270 [    MainProcess][  Geofence][    INFO] Geofence Ealing Common added.
2019-02-02 11:42:50,270 [    MainProcess][  Geofence][    INFO] Geofence Ealing Broadway added.
2019-02-02 11:42:50,270 [    MainProcess][  Geofence][    INFO] Geofence North Ealing added.
2019-02-02 11:42:50,270 [    MainProcess][  Geofence][    INFO] Geofence Plaistow added.
2019-02-02 11:42:50,270 [    MainProcess][  Geofence][    INFO] Geofence Pitshanger added.
2019-02-02 11:42:50,270 [    MainProcess][  Geofence][    INFO] Geofence Hanger Lane added.
2019-02-02 11:42:50,270 [    MainProcess][  Geofence][    INFO] Geofence Harlesden added.
2019-02-02 11:42:50,270 [    MainProcess][  Geofence][    INFO] Geofence Alperton added.
2019-02-02 11:42:50,270 [    MainProcess][  Geofence][    INFO] Geofence Perivale added.
2019-02-02 11:42:50,271 [    MainProcess][  Geofence][    INFO] Geofence South Greenford added.
2019-02-02 11:42:50,271 [    MainProcess][  Geofence][    INFO] Geofence City Airport added.
2019-02-02 11:42:50,271 [    MainProcess][  Geofence][    INFO] Geofence Highams Park added.
2019-02-02 11:42:50,271 [    MainProcess][  Geofence][    INFO] Geofence Chingford added.
2019-02-02 11:42:50,271 [    MainProcess][  Geofence][    INFO] Geofence Buckhurst Hill added.
2019-02-02 11:42:50,271 [    MainProcess][  Geofence][    INFO] Geofence Morden Hall Park added.
2019-02-02 11:42:50,271 [    MainProcess][  Geofence][    INFO] Geofence Mitcham Junction added.
2019-02-02 11:42:50,271 [    MainProcess][  Geofence][    INFO] Geofence Morden added.
2019-02-02 11:42:50,272 [    MainProcess][  Geofence][    INFO] Geofence St Helier added.
2019-02-02 11:42:50,272 [    MainProcess][  Geofence][    INFO] Geofence Motspur Park added.
2019-02-02 11:42:50,272 [    MainProcess][  Geofence][    INFO] Geofence Mitcham Common added.
2019-02-02 11:42:50,272 [    MainProcess][  Geofence][    INFO] Geofence Lonesome added.
2019-02-02 11:42:50,272 [    MainProcess][  Geofence][    INFO] Geofence Norbury added.
2019-02-02 11:42:50,272 [    MainProcess][  Geofence][    INFO] Geofence Old Malden added.
2019-02-02 11:42:50,272 [    MainProcess][  Geofence][    INFO] Geofence Berrylands added.
2019-02-02 11:42:50,272 [    MainProcess][  Geofence][    INFO] Geofence Surbiton added!
2019-02-02 11:42:50,272 [    MainProcess][   Manager][    INFO] Loading Alarms from the file at /home/scanbot/PokeAlarm/alarms.json
2019-02-02 11:42:50,273 [    MainProcess][   Discord][    INFO] Discord Alarm has been created!
2019-02-02 11:42:50,274 [    MainProcess][   Discord][    INFO] Discord Alarm has been created!
2019-02-02 11:42:50,274 [    MainProcess][   Manager][    INFO] 2 active alarms found.
2019-02-02 11:42:50,274 [    MainProcess][   Manager][    INFO] ----------- Manager 'london'  successfully created.
2019-02-02 11:42:50,274 [    MainProcess][LoadConfig][    INFO] Loading Rules from file at /home/scanbot/PokeAlarm/rules_London.json
2019-02-02 11:42:50,275 [    MainProcess][    Server][    INFO] Starting up the Managers
2019-02-02 11:42:50,275 [    MainProcess][    Server][    INFO] PokeAlarm is listening for webhooks on: http://127.0.0.1:4003
2019-02-03 18:16:05,288 [    MainProcess][    Events][   ERROR] Encountered error while converting webhook data(KeyError: 'quest_type_raw')
