2019-02-03 20:07:11,588 [    MainProcess][    Server][    INFO] PokeAlarm is getting ready...
2019-02-03 20:07:11,592 [    MainProcess][    Server][    INFO] Europe/London
2019-02-03 20:07:11,605 [    MainProcess][   Manager][    INFO] ----------- Manager 'sussexmad'  is being created.
2019-02-03 20:07:11,609 [    MainProcess][   Manager][ WARNING] NO LOCATION SET -  this may cause issues with distance related DTS.
2019-02-03 20:07:11,622 [    MainProcess][   Manager][    INFO] Loading Filters from file at /home/scanbot/PokeAlarm/filters_Sussex.json
2019-02-03 20:07:11,629 [    MainProcess][   Manager][    INFO] Parsing 'monsters' section.
2019-02-03 20:07:11,667 [    MainProcess][   Manager][    INFO] Parsing 'stops' section.
2019-02-03 20:07:11,668 [    MainProcess][   Manager][    INFO] Parsing 'gyms' section.
2019-02-03 20:07:11,668 [    MainProcess][   Manager][    INFO] Parsing 'eggs' section.
2019-02-03 20:07:11,669 [    MainProcess][   Manager][    INFO] Parsing 'raids' section.
2019-02-03 20:07:11,670 [    MainProcess][   Manager][    INFO] Parsing 'weather' section.
2019-02-03 20:07:11,670 [    MainProcess][   Manager][    INFO] Parsing 'quest' section.
2019-02-03 20:07:11,672 [    MainProcess][  Geofence][    INFO] Geofence Henfield added.
2019-02-03 20:07:11,672 [    MainProcess][  Geofence][    INFO] Geofence Pulborough added.
2019-02-03 20:07:11,672 [    MainProcess][  Geofence][    INFO] Geofence West Chitlington added.
2019-02-03 20:07:11,672 [    MainProcess][  Geofence][    INFO] Geofence Storrington added.
2019-02-03 20:07:11,672 [    MainProcess][  Geofence][    INFO] Geofence Bognor East added.
2019-02-03 20:07:11,673 [    MainProcess][  Geofence][    INFO] Geofence Bognor West added.
2019-02-03 20:07:11,673 [    MainProcess][  Geofence][    INFO] Geofence Barnham added.
2019-02-03 20:07:11,673 [    MainProcess][  Geofence][    INFO] Geofence Horsham added.
2019-02-03 20:07:11,673 [    MainProcess][  Geofence][    INFO] Geofence Haywards Heath added.
2019-02-03 20:07:11,673 [    MainProcess][  Geofence][    INFO] Geofence Burgess Hill added.
2019-02-03 20:07:11,673 [    MainProcess][  Geofence][    INFO] Geofence Hassocks added.
2019-02-03 20:07:11,673 [    MainProcess][  Geofence][    INFO] Geofence Hurstpierpoint added.
2019-02-03 20:07:11,673 [    MainProcess][  Geofence][    INFO] Geofence Sayers Common added.
2019-02-03 20:07:11,673 [    MainProcess][  Geofence][    INFO] Geofence Albourne added.
2019-02-03 20:07:11,674 [    MainProcess][  Geofence][    INFO] Geofence Plumpton added.
2019-02-03 20:07:11,674 [    MainProcess][  Geofence][    INFO] Geofence South Chailey added.
2019-02-03 20:07:11,674 [    MainProcess][  Geofence][    INFO] Geofence North Chailey added.
2019-02-03 20:07:11,674 [    MainProcess][  Geofence][    INFO] Geofence Wivelsfield Green added.
2019-02-03 20:07:11,674 [    MainProcess][  Geofence][    INFO] Geofence Lewes added.
2019-02-03 20:07:11,674 [    MainProcess][  Geofence][    INFO] Geofence Cooksbridge added.
2019-02-03 20:07:11,674 [    MainProcess][  Geofence][    INFO] Geofence Barcombe added.
2019-02-03 20:07:11,674 [    MainProcess][  Geofence][    INFO] Geofence Ringmer added.
2019-02-03 20:07:11,674 [    MainProcess][  Geofence][    INFO] Geofence East Brighton added.
2019-02-03 20:07:11,675 [    MainProcess][  Geofence][    INFO] Geofence Central Brighton added.
2019-02-03 20:07:11,675 [    MainProcess][  Geofence][    INFO] Geofence Woodingdean added.
2019-02-03 20:07:11,675 [    MainProcess][  Geofence][    INFO] Geofence Coldean added.
2019-02-03 20:07:11,675 [    MainProcess][  Geofence][    INFO] Geofence Patcham added.
2019-02-03 20:07:11,675 [    MainProcess][  Geofence][    INFO] Geofence Falmer added.
2019-02-03 20:07:11,675 [    MainProcess][  Geofence][    INFO] Geofence Bevendean added.
2019-02-03 20:07:11,675 [    MainProcess][  Geofence][    INFO] Geofence Moulsecoomb added.
2019-02-03 20:07:11,675 [    MainProcess][  Geofence][    INFO] Geofence Withdean added.
2019-02-03 20:07:11,675 [    MainProcess][  Geofence][    INFO] Geofence Ferring added.
2019-02-03 20:07:11,676 [    MainProcess][  Geofence][    INFO] Geofence Goring added.
2019-02-03 20:07:11,676 [    MainProcess][  Geofence][    INFO] Geofence Durrington added.
2019-02-03 20:07:11,676 [    MainProcess][  Geofence][    INFO] Geofence Highdown added.
2019-02-03 20:07:11,676 [    MainProcess][  Geofence][    INFO] Geofence Broadwater added.
2019-02-03 20:07:11,676 [    MainProcess][  Geofence][    INFO] Geofence Salvington added.
2019-02-03 20:07:11,676 [    MainProcess][  Geofence][    INFO] Geofence West Worthing added.
2019-02-03 20:07:11,676 [    MainProcess][  Geofence][    INFO] Geofence Central Worthing added.
2019-02-03 20:07:11,677 [    MainProcess][  Geofence][    INFO] Geofence East Worthing added.
2019-02-03 20:07:11,677 [    MainProcess][  Geofence][    INFO] Geofence Brooklands added.
2019-02-03 20:07:11,677 [    MainProcess][  Geofence][    INFO] Geofence Sompting added.
2019-02-03 20:07:11,677 [    MainProcess][  Geofence][    INFO] Geofence High Salvington added.
2019-02-03 20:07:11,677 [    MainProcess][  Geofence][    INFO] Geofence Findon Valley added.
2019-02-03 20:07:11,677 [    MainProcess][  Geofence][    INFO] Geofence Hill Barn added.
2019-02-03 20:07:11,677 [    MainProcess][  Geofence][    INFO] Geofence Cissbury added.
2019-02-03 20:07:11,678 [    MainProcess][  Geofence][    INFO] Geofence Findon Village added.
2019-02-03 20:07:11,678 [    MainProcess][  Geofence][    INFO] Geofence Downs added.
2019-02-03 20:07:11,678 [    MainProcess][  Geofence][    INFO] Geofence Tarring added.
2019-02-03 20:07:11,678 [    MainProcess][  Geofence][    INFO] Geofence Gatwick Airport added.
2019-02-03 20:07:11,678 [    MainProcess][  Geofence][    INFO] Geofence Broadfield added.
2019-02-03 20:07:11,678 [    MainProcess][  Geofence][    INFO] Geofence Tilgate added.
2019-02-03 20:07:11,678 [    MainProcess][  Geofence][    INFO] Geofence Ifield added.
2019-02-03 20:07:11,678 [    MainProcess][  Geofence][    INFO] Geofence Tinsley Green added.
2019-02-03 20:07:11,679 [    MainProcess][  Geofence][    INFO] Geofence Pound Hill added.
2019-02-03 20:07:11,679 [    MainProcess][  Geofence][    INFO] Geofence Crawley added.
2019-02-03 20:07:11,680 [    MainProcess][  Geofence][    INFO] Geofence East Grinstead added.
2019-02-03 20:07:11,680 [    MainProcess][  Geofence][    INFO] Geofence Horley added.
2019-02-03 20:07:11,680 [    MainProcess][  Geofence][    INFO] Geofence Normans Bay added.
2019-02-03 20:07:11,680 [    MainProcess][  Geofence][    INFO] Geofence Pevensey added.
2019-02-03 20:07:11,681 [    MainProcess][  Geofence][    INFO] Geofence Langney added.
2019-02-03 20:07:11,681 [    MainProcess][  Geofence][    INFO] Geofence Hankham added.
2019-02-03 20:07:11,681 [    MainProcess][  Geofence][    INFO] Geofence Polegate added.
2019-02-03 20:07:11,681 [    MainProcess][  Geofence][    INFO] Geofence Eastbourne added.
2019-02-03 20:07:11,681 [    MainProcess][  Geofence][    INFO] Geofence Meads added.
2019-02-03 20:07:11,681 [    MainProcess][  Geofence][    INFO] Geofence Hailsham added.
2019-02-03 20:07:11,681 [    MainProcess][  Geofence][    INFO] Geofence Hove added.
2019-02-03 20:07:11,681 [    MainProcess][  Geofence][    INFO] Geofence Hangleton added.
2019-02-03 20:07:11,681 [    MainProcess][  Geofence][    INFO] Geofence Portslade added.
2019-02-03 20:07:11,682 [    MainProcess][  Geofence][    INFO] Geofence Mile Oak added.
2019-02-03 20:07:11,682 [    MainProcess][  Geofence][    INFO] Geofence Shoreham added.
2019-02-03 20:07:11,682 [    MainProcess][  Geofence][    INFO] Geofence Lancing added.
2019-02-03 20:07:11,682 [    MainProcess][  Geofence][    INFO] Geofence Steyning added.
2019-02-03 20:07:11,682 [    MainProcess][  Geofence][    INFO] Geofence Southwick added.
2019-02-03 20:07:11,682 [    MainProcess][  Geofence][    INFO] Geofence Bexhill added.
2019-02-03 20:07:11,682 [    MainProcess][  Geofence][    INFO] Geofence Hastings added.
2019-02-03 20:07:11,682 [    MainProcess][  Geofence][    INFO] Geofence Crowborough added.
2019-02-03 20:07:11,683 [    MainProcess][  Geofence][    INFO] Geofence Lingfield added.
2019-02-03 20:07:11,683 [    MainProcess][  Geofence][    INFO] Geofence Edenbridge added.
2019-02-03 20:07:11,683 [    MainProcess][  Geofence][    INFO] Geofence Littlehampton added.
2019-02-03 20:07:11,683 [    MainProcess][  Geofence][    INFO] Geofence East Preston added.
2019-02-03 20:07:11,683 [    MainProcess][  Geofence][    INFO] Geofence Angmering added.
2019-02-03 20:07:11,683 [    MainProcess][  Geofence][    INFO] Geofence Arundel added.
2019-02-03 20:07:11,683 [    MainProcess][  Geofence][    INFO] Geofence Chichester added.
2019-02-03 20:07:11,684 [    MainProcess][  Geofence][    INFO] Geofence Ovingdean added.
2019-02-03 20:07:11,684 [    MainProcess][  Geofence][    INFO] Geofence Rottingdean added.
2019-02-03 20:07:11,684 [    MainProcess][  Geofence][    INFO] Geofence Peacehaven added.
2019-02-03 20:07:11,684 [    MainProcess][  Geofence][    INFO] Geofence Newhaven added.
2019-02-03 20:07:11,684 [    MainProcess][  Geofence][    INFO] Geofence Seaford added.
2019-02-03 20:07:11,684 [    MainProcess][  Geofence][    INFO] Geofence Uckfield added.
2019-02-03 20:07:11,684 [    MainProcess][  Geofence][    INFO] Geofence Buxted added.
2019-02-03 20:07:11,684 [    MainProcess][  Geofence][    INFO] Geofence Maresfield added.
2019-02-03 20:07:11,684 [    MainProcess][  Geofence][    INFO] Geofence Fairwarp added.
2019-02-03 20:07:11,685 [    MainProcess][  Geofence][    INFO] Geofence Burndell added!
2019-02-03 20:07:11,685 [    MainProcess][   Manager][    INFO] Loading Alarms from the file at /home/scanbot/PokeAlarm/alarm_MAD.json
2019-02-03 20:07:11,686 [    MainProcess][   Discord][    INFO] Discord Alarm has been created!
2019-02-03 20:07:11,686 [    MainProcess][   Discord][    INFO] Discord Alarm has been created!
2019-02-03 20:07:11,686 [    MainProcess][   Manager][    INFO] 2 active alarms found.
2019-02-03 20:07:11,686 [    MainProcess][   Manager][    INFO] ----------- Manager 'sussexmad'  successfully created.
2019-02-03 20:07:11,686 [    MainProcess][LoadConfig][    INFO] Loading Rules from file at /home/scanbot/PokeAlarm/rules_Sussex.json
2019-02-03 20:07:11,687 [    MainProcess][    Server][    INFO] Starting up the Managers
2019-02-03 20:07:11,688 [    MainProcess][    Server][    INFO] PokeAlarm is listening for webhooks on: http://178.250.73.132:4005
2019-02-03 20:07:19,330 [    MainProcess][   Manager][    INFO] YMCA Sussex Central raid notification has been triggered in rule 'Raids' to Hove!
2019-02-03 20:09:13,352 [    MainProcess][   Manager][    INFO] Decorative Seating raid notification has been triggered in rule 'Raids' to Shoreham!
2019-02-03 20:12:14,484 [    MainProcess][   Manager][    INFO] St Andrews Church raid notification has been triggered in rule 'Raids' to Tarring!
2019-02-03 20:12:24,655 [    MainProcess][   Manager][    INFO] Emmanuel Church raid notification has been triggered in rule 'Raids' to West Worthing!
2019-02-03 20:15:23,970 [    MainProcess][   Manager][    INFO] Tilgate Owl Carving raid notification has been triggered in rule 'Raids' to Tilgate!
2019-02-03 20:15:24,190 [    MainProcess][   Manager][    INFO] Tilgate Playing Field raid notification has been triggered in rule 'Raids' to Tilgate!
2019-02-03 20:16:05,717 [    MainProcess][   Manager][    INFO] Titmus Lake Entrance raid notification has been triggered in rule 'Raids' to Tilgate!
2019-02-03 20:16:05,889 [    MainProcess][   Manager][    INFO] Tilgate Lake egg notification has been triggered in rule 'Eggs' to Tilgate!
2019-02-03 20:17:08,742 [    MainProcess][   Manager][    INFO] Last Trip raid notification has been triggered in rule 'Raids' to Hove!
2019-02-03 20:17:52,531 [    MainProcess][   Manager][    INFO] Three Cornered Copse Information Board raid notification has been triggered in rule 'Raids' to Withdean!
2019-02-03 20:18:03,650 [    MainProcess][   Manager][    INFO] Hove Park Playground raid notification has been triggered in rule 'Raids' to Hove!
2019-02-03 20:18:16,447 [    MainProcess][   Manager][    INFO] Holy Trinity Church raid notification has been triggered in rule 'Raids' to Hove!
2019-02-03 20:18:36,384 [    MainProcess][   Manager][    INFO] Montefiore Rd Church raid notification has been triggered in rule 'Raids' to Central Brighton!
2019-02-03 20:19:05,785 [    MainProcess][   Manager][    INFO] The Sportsman raid notification has been triggered in rule 'Raids' to Withdean!
2019-02-03 20:19:07,451 [    MainProcess][   Manager][    INFO] Bewbush Community Centre raid notification has been triggered in rule 'Raids' to Ifield!
2019-02-03 20:19:19,071 [    MainProcess][   Manager][    INFO] Beware of Adders raid notification has been triggered in rule 'Raids' to Withdean!
2019-02-03 20:20:53,953 [    MainProcess][   Manager][    INFO] Horsham Bus Station raid notification has been triggered in rule 'Raids' to Horsham!
2019-02-03 20:21:27,724 [    MainProcess][   Manager][    INFO] NULL raid notification has been triggered in rule 'Raids' to Falmer!
2019-02-03 20:22:22,515 [    MainProcess][   Manager][    INFO] unknown raid notification has been triggered in rule 'Raids' to Hurstpierpoint!
2019-02-03 20:22:50,166 [    MainProcess][   Manager][    INFO] Manor Road Park Rides raid notification has been triggered in rule 'Raids' to East Brighton!
2019-02-03 20:22:53,084 [    MainProcess][   Manager][    INFO] The United Reform Church raid notification has been triggered in rule 'Raids' to Hassocks!
2019-02-03 20:23:03,573 [    MainProcess][   Manager][    INFO] Blackrock Art Wall raid notification has been triggered in rule 'Raids' to East Brighton!
2019-02-03 20:23:37,144 [    MainProcess][   Manager][    INFO] St John's Church in Burgess Hill raid notification has been triggered in rule 'Raids' to Burgess Hill!
2019-02-03 20:24:27,157 [    MainProcess][   Manager][    INFO] Kick Boxing Club Mural raid notification has been triggered in rule 'Raids' to Moulsecoomb!
2019-02-03 20:24:49,221 [    MainProcess][   Manager][    INFO] St. Matthias raid notification has been triggered in rule 'Raids' to Central Brighton!
2019-02-03 20:24:58,727 [    MainProcess][   Manager][    INFO] Archway Light Installation raid notification has been triggered in rule 'Raids' to Central Brighton!
2019-02-03 20:24:59,559 [    MainProcess][   Manager][    INFO] Community Garden Mosaic raid notification has been triggered in rule 'Raids' to Central Brighton!
2019-02-03 20:25:53,853 [    MainProcess][   Manager][    INFO] Steve Ovett Statue raid notification has been triggered in rule 'Raids' to East Brighton!
2019-02-03 20:26:07,006 [    MainProcess][   Manager][    INFO] Anne of Cleves House raid notification has been triggered in rule 'Raids' to Lewes!
2019-02-03 20:26:18,282 [    MainProcess][   Manager][    INFO] NULL raid notification has been triggered in rule 'Raids' to Central Brighton!
2019-02-03 20:26:18,479 [    MainProcess][   Manager][    INFO] Totoro Hub raid notification has been triggered in rule 'Raids' to Central Brighton!
2019-02-03 20:26:18,680 [    MainProcess][   Manager][    INFO] The West Pier raid notification has been triggered in rule 'Raids' to Central Brighton!
2019-02-03 20:26:39,291 [    MainProcess][   Manager][    INFO] Deanery Estate Gate raid notification has been triggered in rule 'Raids' to Lewes!
2019-02-03 20:26:41,359 [    MainProcess][   Manager][    INFO] Hamilton Harty Plaque raid notification has been triggered in rule 'Raids' to Central Brighton!
2019-02-03 20:26:57,809 [    MainProcess][   Manager][    INFO] Chailey Common Nature Reserve raid notification has been triggered in rule 'Raids' to North Chailey!
2019-02-03 20:27:14,189 [    MainProcess][   Manager][    INFO] Information Board raid notification has been triggered in rule 'Raids' to Hove!
2019-02-03 20:27:44,293 [    MainProcess][   Manager][    INFO] Portslade Station raid notification has been triggered in rule 'Raids' to Hove!
2019-02-03 20:28:03,139 [    MainProcess][   Manager][    INFO] Haywards Heath Methodist Church raid notification has been triggered in rule 'Raids' to Haywards Heath!
2019-02-03 20:28:47,018 [    MainProcess][   Manager][    INFO] Buckingham Park Gates raid notification has been triggered in rule 'Raids' to Shoreham!
2019-02-03 20:28:57,783 [    MainProcess][   Manager][    INFO] Lenses raid notification has been triggered in rule 'Raids' to Shoreham!
2019-02-03 20:29:10,934 [    MainProcess][   Manager][    INFO] NULL raid notification has been triggered in rule 'Raids' to Lancing!
2019-02-03 20:30:31,396 [    MainProcess][   Manager][    INFO] Worthing Library raid notification has been triggered in rule 'Raids' to Central Worthing!
2019-02-03 20:35:28,515 [    MainProcess][   Manager][    INFO] NULL raid notification has been triggered in rule 'Raids' to Southwick!
2019-02-03 20:36:10,034 [    MainProcess][   Manager][    INFO] Little Child raid notification has been triggered in rule 'Raids' to Hove!
2019-02-03 20:38:18,634 [    MainProcess][   Manager][    INFO] Eldred News and Post Office raid notification has been triggered in rule 'Raids' to Withdean!
2019-02-03 20:38:29,367 [    MainProcess][   Manager][    INFO] Tilgate Lake raid notification has been triggered in rule 'Raids' to Tilgate!
2019-02-03 20:39:12,449 [    MainProcess][   Manager][    INFO] Vale Avenue Playground raid notification has been triggered in rule 'Raids' to Patcham!
2019-02-03 20:40:38,308 [    MainProcess][   Manager][    INFO] University of Brighton Sports Centre raid notification has been triggered in rule 'Raids' to Falmer!
2019-02-03 20:40:47,311 [    MainProcess][   Manager][    INFO] St. Alban's Church Gossops Green raid notification has been triggered in rule 'Raids' to Ifield!
2019-02-03 20:40:57,831 [    MainProcess][   Manager][    INFO] Woodland Valley raid notification has been triggered in rule 'Raids' to Woodingdean!
2019-02-03 20:42:56,977 [    MainProcess][   Manager][    INFO] St Lukes Swimming Pool raid notification has been triggered in rule 'Raids' to East Brighton!
2019-02-03 20:42:57,186 [    MainProcess][   Manager][    INFO] William Clarke Park raid notification has been triggered in rule 'Raids' to East Brighton!
2019-02-03 20:42:57,354 [    MainProcess][   Manager][    INFO] Brighton Resistance Agent raid notification has been triggered in rule 'Raids' to Central Brighton!
2019-02-03 20:43:06,062 [    MainProcess][   Manager][    INFO] Mungos raid notification has been triggered in rule 'Raids' to Horsham!
2019-02-03 20:43:37,503 [    MainProcess][   Manager][    INFO] Henfield Wooden Playground raid notification has been triggered in rule 'Raids' to Henfield!
2019-02-03 20:44:55,915 [    MainProcess][   Manager][    INFO] Clown raid notification has been triggered in rule 'Raids' to East Brighton!
2019-02-03 20:44:56,340 [    MainProcess][   Manager][    INFO] Brighton Dome raid notification has been triggered in rule 'Raids' to Central Brighton!
1
3
{}
0
333
1
3
{}
0
333
1
None
{}
0
217
1
None
{}
0
217
11
None
{}
0
349
11
None
{}
0
349
11
16
{}
0
484
11
16
{}
0
484
11
16
{}
0
484
17
None
{}
0
210
11
16
{}
0
484
11
16
{}
0
484
11
16
{}
0
484
11
16
{}
0
484
11
16
{}
0
484
13
None
{}
0
403
13
None
{}
0
403
12
14
{}
0
103
11
16
{}
0
484
13
None
{}
0
403
12
14
{}
0
103
11
16
{}
0
484
13
None
{}
0
403
12
14
{}
0
103
11
16
{}
0
484
13
None
{}
0
403
12
14
{}
0
103
12
14
{}
0
103
12
14
{}
0
103
11
16
{}
0
484
18
None
{}
0
359
11
17
{}
0
184
11
16
{}
0
484
12
14
{}
0
103
11
17
{}
0
184
11
16
{}
0
484
12
14
{}
0
103
6
18
{}
0
248
6
18
{}
0
248
13
None
{}
0
403
13
None
{}
0
403
17
None
{}
0
210
11
16
{}
0
484
11
16
{}
0
484
11
16
{}
0
484
13
None
{}
0
403
17
None
{}
0
210
11
16
{}
0
484
11
16
{}
0
484
11
16
{}
0
484
13
None
{}
0
403
11
16
{}
0
484
16
None
{}
0
147
13
None
{}
0
403
16
None
{}
0
147
11
None
{}
0
129
16
None
{}
0
147
1
3
{}
0
333
9
17
{}
0
303
1
3
{}
0
333
9
17
{}
0
303
11
None
{}
0
418
11
16
{}
0
484
14
None
{}
0
65
11
16
{}
0
484
11
None
{}
0
418
14
None
{}
0
65
11
None
{}
0
418
11
16
{}
0
484
11
16
{}
0
484
11
None
{}
0
418
13
None
{}
0
403
14
None
{}
0
65
16
None
{}
0
147
13
None
{}
0
403
13
None
{}
0
403
13
None
{}
0
403
13
None
{}
0
403
14
None
{}
0
65
14
None
{}
0
65
11
16
{}
0
484
11
16
{}
0
484
12
14
{}
0
103
11
16
{}
0
484
2
None
{}
0
68
2
None
{}
0
68
2
None
{}
0
68
11
17
{}
0
184
9
17
{}
0
303
18
8
{}
0
302
18
8
{}
0
302
11
17
{}
0
184
17
None
{}
0
210
9
17
{}
0
303
11
17
{}
0
184
17
None
{}
0
210
17
None
{}
0
210
9
17
{}
0
303
17
None
{}
0
210
9
17
{}
0
303
11
16
{}
0
484
11
16
{}
0
484
11
16
{}
0
484
11
16
{}
0
484
11
16
{}
0
484
11
16
{}
0
484
11
16
{}
0
484
11
16
{}
0
484
11
16
{}
0
484
11
17
{}
0
184
1
None
{}
0
217
11
17
{}
0
184
1
None
{}
0
217
11
17
{}
0
184
1
None
{}
0
217
11
16
{}
0
484
11
17
{}
0
184
11
17
{}
0
184
17
None
{}
0
210
17
None
{}
0
210
11
16
{}
0
484
11
None
{}
0
129
14
None
{}
0
65
1
None
{}
0
217
11
16
{}
0
484
11
None
{}
0
129
14
None
{}
0
65
1
None
{}
0
217
14
17
{}
0
281
11
None
{}
0
129
14
None
{}
0
65
14
None
{}
0
65
1
None
{}
0
217
14
17
{}
0
281
11
None
{}
0
418
11
None
{}
0
349
11
None
{}
0
349
1
3
{}
0
333
14
None
{}
0
65
9
17
{}
0
303
14
None
{}
0
65
14
None
{}
0
65
11
16
{}
0
484
6
18
{}
0
248
11
16
{}
0
484
11
16
{}
0
484
17
None
{}
0
210
11
16
{}
0
484
14
None
{}
0
65
14
None
{}
0
65
11
16
{}
0
484
11
16
{}
0
484
11
16
{}
0
484
11
16
{}
0
484
11
16
{}
0
484
18
None
{}
0
359
12
14
{}
0
103
12
14
{}
0
103
12
14
{}
0
103
17
None
{}
0
210
11
16
{}
0
484
11
16
{}
0
484
11
17
{}
0
184
1
3
{}
0
333
12
14
{}
0
103
9
17
{}
0
303
1
3
{}
0
333
12
14
{}
0
103
9
17
{}
0
303
1
3
{}
0
333
12
14
{}
0
103
9
17
{}
0
303
11
None
{}
0
418
11
16
{}
0
484
11
16
{}
0
484
11
16
{}
0
484
13
None
{}
0
403
11
None
{}
0
418
11
16
{}
0
484
11
None
{}
0
418
11
None
{}
0
418
14
None
{}
0
65
11
None
{}
0
418
11
None
{}
0
418
14
None
{}
0
65
11
16
{}
0
484
16
None
{}
0
147
13
None
{}
0
403
18
8
{}
0
302
16
None
{}
0
147
13
None
{}
0
403
11
None
{}
0
418
14
None
{}
0
65
11
None
{}
0
418
14
None
{}
0
65
11
None
{}
0
129
12
14
{}
0
103
13
None
{}
0
403
11
16
{}
0
484
12
14
{}
0
103
13
None
{}
0
403
11
None
{}
0
129
11
None
{}
0
129
16
None
{}
0
147
11
16
{}
0
484
16
None
{}
0
147
11
16
{}
0
484
11
None
{}
0
129
11
17
{}
0
184
9
17
{}
0
303
11
17
{}
0
184
9
17
{}
0
303
11
17
{}
0
184
17
None
{}
0
210
17
None
{}
0
210
9
17
{}
0
303
17
None
{}
0
210
9
17
{}
0
303
11
16
{}
0
484
11
16
{}
0
484
13
None
{}
0
403
11
16
{}
0
484
11
16
{}
0
484
1
3
{}
0
333
11
16
{}
0
484
11
16
{}
0
484
1
3
{}
0
333
1
3
{}
0
333
11
16
{}
0
484
11
16
{}
0
484
11
16
{}
0
484
11
16
{}
0
484
11
16
{}
0
484
11
17
{}
0
184
11
16
{}
0
484
13
None
{}
0
403
1
None
{}
0
217
11
17
{}
0
184
11
16
{}
0
484
13
None
{}
0
403
1
None
{}
0
217
11
17
{}
0
184
13
None
{}
0
403
1
None
{}
0
217
11
16
{}
0
484
11
17
{}
0
184
13
None
{}
0
403
17
None
{}
0
210
11
None
{}
0
349
6
18
{}
0
248
18
8
{}
0
302
17
None
{}
0
210
11
None
{}
0
349
6
18
{}
0
248
18
8
{}
0
302
17
None
{}
0
210
11
None
{}
0
349
6
18
{}
0
248
11
None
{}
0
129
14
None
{}
0
65
1
None
{}
0
217
6
18
{}
0
248
11
None
{}
0
129
14
N2019-02-03 20:46:03,089 [    MainProcess][   Manager][    INFO] Brighton and Hove Pro Boxing Gym Mural raid notification has been triggered in rule 'Raids' to Hove!
2019-02-03 20:46:55,382 [    MainProcess][   Manager][    INFO] Fishersgate Station raid notification has been triggered in rule 'Raids' to Portslade!
2019-02-03 20:47:06,057 [    MainProcess][   Manager][    INFO] St. Nicholas Church raid notification has been triggered in rule 'Raids' to Portslade!
2019-02-03 20:47:17,988 [    MainProcess][   Manager][    INFO] Saint Michael And All Angels raid notification has been triggered in rule 'Raids' to Southwick!
2019-02-03 20:47:35,578 [    MainProcess][   Manager][    INFO] Lewes Organic Allotment Project raid notification has been triggered in rule 'Raids' to Lewes!
2019-02-03 20:47:35,805 [    MainProcess][   Manager][    INFO] Nevill Green raid notification has been triggered in rule 'Raids' to Lewes!
2019-02-03 20:47:49,396 [    MainProcess][   Manager][    INFO] Shoreham beach nature reserve raid notification has been triggered in rule 'Raids' to Shoreham!
2019-02-03 20:47:57,102 [    MainProcess][   Manager][    INFO] British Heart Foundation raid notification has been triggered in rule 'Raids' to Lewes!
2019-02-03 20:47:57,364 [    MainProcess][   Manager][    INFO] Railway Land Nature Reserve raid notification has been triggered in rule 'Raids' to Lewes!
2019-02-03 20:48:06,193 [    MainProcess][   Manager][    INFO] Shoreham Methodist Church raid notification has been triggered in rule 'Raids' to Shoreham!
2019-02-03 20:48:16,734 [    MainProcess][   Manager][    INFO] The Nutty Wizzard raid notification has been triggered in rule 'Raids' to Lewes!
2019-02-03 20:50:17,469 [    MainProcess][   Manager][    INFO] Worthing Mosque raid notification has been triggered in rule 'Raids' to Central Worthing!
2019-02-03 20:50:17,700 [    MainProcess][   Manager][    INFO] The Richard Cobden raid notification has been triggered in rule 'Raids' to Central Worthing!
2019-02-03 20:50:34,831 [    MainProcess][   Manager][    INFO] Queen's Hall raid notification has been triggered in rule 'Raids' to Haywards Heath!
2019-02-03 20:51:33,243 [    MainProcess][   Manager][    INFO] Marine Gardens Restaurant raid notification has been triggered in rule 'Raids' to West Worthing!
2019-02-03 20:52:23,915 [    MainProcess][   Manager][    INFO] Pump Court raid notification has been triggered in rule 'Raids' to Ferring!
2019-02-03 20:55:17,617 [    MainProcess][   Manager][    INFO] Hangleton Manor raid notification has been triggered in rule 'Raids' to Hangleton!
2019-02-03 20:58:34,856 [    MainProcess][   Manager][    INFO] St Thomas More's Church raid notification has been triggered in rule 'Raids' to Patcham!
2019-02-03 21:01:51,732 [    MainProcess][   Manager][    INFO] Gurjar Hindu Temple raid notification has been triggered in rule 'Raids' to Ifield!
2019-02-03 21:09:42,644 [    MainProcess][   Manager][    INFO] 5221258563401285632 is in geofence East Preston!
2019-02-03 21:09:42,644 [    MainProcess][   Manager][    INFO] 5221258563401285632 weather notification has been triggered in rule 'LittlehamptonWeather'!
2019-02-03 21:09:42,843 [    MainProcess][   Manager][    INFO] 5221258563401285632 is in geofence Highdown!
2019-02-03 21:09:42,844 [    MainProcess][   Manager][    INFO] 5221258563401285632 is in geofence Hill Barn!
2019-02-03 21:09:42,844 [    MainProcess][   Manager][    INFO] 5221258563401285632 is in geofence High Salvington!
2019-02-03 21:09:42,844 [    MainProcess][   Manager][    INFO] 5221258563401285632 is in geofence Salvington!
2019-02-03 21:09:42,845 [    MainProcess][   Manager][    INFO] 5221258563401285632 is in geofence Goring!
2019-02-03 21:09:42,845 [    MainProcess][   Manager][    INFO] 5221258563401285632 is in geofence Broadwater!
2019-02-03 21:09:42,846 [    MainProcess][   Manager][    INFO] 5221258563401285632 is in geofence Cissbury!
2019-02-03 21:09:42,846 [    MainProcess][   Manager][    INFO] 5221258563401285632 is in geofence Central Worthing!
2019-02-03 21:09:42,846 [    MainProcess][   Manager][    INFO] 5221258563401285632 is in geofence Findon Valley!
2019-02-03 21:09:42,847 [    MainProcess][   Manager][    INFO] 5221258563401285632 is in geofence West Worthing!
2019-02-03 21:09:42,847 [    MainProcess][   Manager][    INFO] 5221258563401285632 is in geofence Durrington!
2019-02-03 21:09:42,847 [    MainProcess][   Manager][    INFO] 5221258563401285632 is in geofence Tarring!
2019-02-03 21:09:42,848 [    MainProcess][   Manager][    INFO] 5221258563401285632 is in geofence Ferring!
2019-02-03 21:09:42,848 [    MainProcess][   Manager][    INFO] 5221258563401285632 weather notification has been triggered in rule 'WorthingWeather'!
